<?xml version="1.0" encoding="UTF-8"?>
<testsuite name="hexlet.code.ValidatorTest" tests="1" skipped="0" failures="0" errors="0" timestamp="2023-07-16T13:56:56" hostname="DESKTOP-U97L7TB" time="0.039">
  <properties/>
  <testcase name="generateTest()" classname="hexlet.code.ValidatorTest" time="0.039"/>
  <system-out><![CDATA[]]></system-out>
  <system-err><![CDATA[]]></system-err>
</testsuite>
